2024-12-22 09:18:38,183 [Worker-5: Loading available Gradle versions] INFO  o.e.b.c.i.u.g.PublishedGradleVersions - Gradle version information cache is not available. Remote download required.
2024-12-22 09:20:32,180 [Worker-21: Creating project "project"] INFO  o.e.m.c.i.l.LifecycleMappingFactory - Using NULL lifecycle mapping for MavenProject: com:project:0.0.1-SNAPSHOT @ C:\Users\dac.STUDENTSDC\Desktop\240840120185\4dir\project\pom.xml.
2024-12-22 09:21:43,825 [Worker-15: Building] INFO  o.e.m.c.i.l.LifecycleMappingFactory - Using NULL lifecycle mapping for MavenProject: com:project:0.0.1-SNAPSHOT @ C:\Users\dac.STUDENTSDC\Desktop\240840120185\4dir\project\pom.xml.
2024-12-22 09:21:58,714 [Worker-19: Building] INFO  o.e.m.c.i.l.LifecycleMappingFactory - Using NULL lifecycle mapping for MavenProject: com:project:0.0.1-SNAPSHOT @ C:\Users\dac.STUDENTSDC\Desktop\240840120185\4dir\project\pom.xml.
2024-12-22 09:22:33,623 [Worker-19: Building] INFO  o.e.m.c.i.l.LifecycleMappingFactory - Using NULL lifecycle mapping for MavenProject: com:project:0.0.1-SNAPSHOT @ C:\Users\dac.STUDENTSDC\Desktop\240840120185\4dir\project\pom.xml.
2024-12-22 09:23:29,597 [Worker-19: Building] INFO  o.e.m.c.i.l.LifecycleMappingFactory - Using NULL lifecycle mapping for MavenProject: com:project:0.0.1-SNAPSHOT @ C:\Users\dac.STUDENTSDC\Desktop\240840120185\4dir\project\pom.xml.
2024-12-22 09:23:29,665 [Worker-19: Building] INFO  o.e.m.c.i.e.AbstractTransferListenerAdapter - Downloading https://repo.maven.apache.org/maven2/junit/junit/4.13.2/junit-4.13.2.pom
2024-12-22 09:23:29,676 [Worker-19: Building] INFO  o.e.m.c.i.e.AbstractTransferListenerAdapter - Downloaded https://repo.maven.apache.org/maven2/junit/junit/4.13.2/junit-4.13.2.pom
2024-12-22 09:23:29,691 [Worker-19: Building] INFO  o.e.m.c.i.e.AbstractTransferListenerAdapter - Downloading https://repo.maven.apache.org/maven2/org/hamcrest/hamcrest-core/1.3/hamcrest-core-1.3.pom
2024-12-22 09:23:29,694 [Worker-19: Building] INFO  o.e.m.c.i.e.AbstractTransferListenerAdapter - Downloaded https://repo.maven.apache.org/maven2/org/hamcrest/hamcrest-core/1.3/hamcrest-core-1.3.pom
2024-12-22 09:23:29,705 [Worker-19: Building] INFO  o.e.m.c.i.e.AbstractTransferListenerAdapter - Downloading https://repo.maven.apache.org/maven2/org/hamcrest/hamcrest-parent/1.3/hamcrest-parent-1.3.pom
2024-12-22 09:23:29,708 [Worker-19: Building] INFO  o.e.m.c.i.e.AbstractTransferListenerAdapter - Downloaded https://repo.maven.apache.org/maven2/org/hamcrest/hamcrest-parent/1.3/hamcrest-parent-1.3.pom
2024-12-22 09:23:29,839 [Worker-19: Building] INFO  o.e.m.c.i.e.AbstractTransferListenerAdapter - Downloading https://repo.maven.apache.org/maven2/junit/junit/4.13.2/junit-4.13.2.jar
2024-12-22 09:23:29,865 [Worker-19: Building] INFO  o.e.m.c.i.e.AbstractTransferListenerAdapter - Downloaded https://repo.maven.apache.org/maven2/junit/junit/4.13.2/junit-4.13.2.jar
2024-12-22 09:23:29,874 [BasicRepositoryConnector-repo.maven.apache.org-0-0] INFO  o.e.m.c.i.e.AbstractTransferListenerAdapter - Downloading https://repo.maven.apache.org/maven2/org/hamcrest/hamcrest-core/1.3/hamcrest-core-1.3.jar
2024-12-22 09:23:29,879 [BasicRepositoryConnector-repo.maven.apache.org-0-0] INFO  o.e.m.c.i.e.AbstractTransferListenerAdapter - Downloaded https://repo.maven.apache.org/maven2/org/hamcrest/hamcrest-core/1.3/hamcrest-core-1.3.jar
2024-12-22 09:23:37,902 [Worker-32: Building] INFO  o.e.m.c.i.l.LifecycleMappingFactory - Using NULL lifecycle mapping for MavenProject: com:project:0.0.1-SNAPSHOT @ C:\Users\dac.STUDENTSDC\Desktop\240840120185\4dir\project\pom.xml.
2024-12-22 09:28:35,650 [Worker-33: reload maven project] ERROR o.e.m.c.i.p.r.ProjectRegistryManager - Failed to read Maven project: Some problems were encountered while processing the POMs:
[FATAL] Non-resolvable parent POM for com:Project:0.0.1-SNAPSHOT: The following artifacts could not be resolved: com:labexam:pom:0.0.1-SNAPSHOT (absent): Could not find artifact com:labexam:pom:0.0.1-SNAPSHOT and 'parent.relativePath' points at wrong local POM @ line 3, column 11

org.apache.maven.project.ProjectBuildingException: Some problems were encountered while processing the POMs:
[FATAL] Non-resolvable parent POM for com:Project:0.0.1-SNAPSHOT: The following artifacts could not be resolved: com:labexam:pom:0.0.1-SNAPSHOT (absent): Could not find artifact com:labexam:pom:0.0.1-SNAPSHOT and 'parent.relativePath' points at wrong local POM @ line 3, column 11

	at org.eclipse.m2e.core.internal.IMavenToolbox.readMavenProjects(IMavenToolbox.java:140)
	at org.eclipse.m2e.core.internal.project.registry.ProjectRegistryManager.lambda$22(ProjectRegistryManager.java:943)
	at org.eclipse.m2e.core.internal.embedder.MavenExecutionContext.executeBare(MavenExecutionContext.java:458)
	at org.eclipse.m2e.core.internal.embedder.MavenExecutionContext.execute(MavenExecutionContext.java:339)
	at org.eclipse.m2e.core.internal.embedder.MavenExecutionContext.execute(MavenExecutionContext.java:278)
	at org.eclipse.m2e.core.internal.project.registry.ProjectRegistryManager.readProjectsWithDependencies(ProjectRegistryManager.java:939)
	at org.eclipse.m2e.core.internal.project.registry.ProjectRegistryManager.create(ProjectRegistryManager.java:219)
	at org.eclipse.m2e.core.internal.project.registry.MavenProjectManager.create(MavenProjectManager.java:105)
	at org.eclipse.m2e.core.ui.internal.actions.SelectionUtil.getMavenProject(SelectionUtil.java:239)
	at org.eclipse.m2e.editor.pom.MavenPomEditor.readMavenProject(MavenPomEditor.java:709)
	at org.eclipse.m2e.editor.pom.MavenPomEditor$4.run(MavenPomEditor.java:1029)
	at org.eclipse.core.internal.jobs.Worker.run(Worker.java:63)
2024-12-22 09:28:47,759 [Worker-19: reload maven project] ERROR o.e.m.c.i.p.r.ProjectRegistryManager - Failed to read Maven project: Some problems were encountered while processing the POMs:
[FATAL] Non-resolvable parent POM for com:Project:0.0.1-SNAPSHOT: The following artifacts could not be resolved: com:labexam:pom:0.0.1-SNAPSHOT (absent): Could not find artifact com:labexam:pom:0.0.1-SNAPSHOT and 'parent.relativePath' points at wrong local POM @ line 3, column 11

org.apache.maven.project.ProjectBuildingException: Some problems were encountered while processing the POMs:
[FATAL] Non-resolvable parent POM for com:Project:0.0.1-SNAPSHOT: The following artifacts could not be resolved: com:labexam:pom:0.0.1-SNAPSHOT (absent): Could not find artifact com:labexam:pom:0.0.1-SNAPSHOT and 'parent.relativePath' points at wrong local POM @ line 3, column 11

	at org.eclipse.m2e.core.internal.IMavenToolbox.readMavenProjects(IMavenToolbox.java:140)
	at org.eclipse.m2e.core.internal.project.registry.ProjectRegistryManager.lambda$22(ProjectRegistryManager.java:943)
	at org.eclipse.m2e.core.internal.embedder.MavenExecutionContext.executeBare(MavenExecutionContext.java:458)
	at org.eclipse.m2e.core.internal.embedder.MavenExecutionContext.execute(MavenExecutionContext.java:339)
	at org.eclipse.m2e.core.internal.embedder.MavenExecutionContext.execute(MavenExecutionContext.java:278)
	at org.eclipse.m2e.core.internal.project.registry.ProjectRegistryManager.readProjectsWithDependencies(ProjectRegistryManager.java:939)
	at org.eclipse.m2e.core.internal.project.registry.ProjectRegistryManager.create(ProjectRegistryManager.java:219)
	at org.eclipse.m2e.core.internal.project.registry.MavenProjectManager.create(MavenProjectManager.java:105)
	at org.eclipse.m2e.core.ui.internal.actions.SelectionUtil.getMavenProject(SelectionUtil.java:239)
	at org.eclipse.m2e.editor.pom.MavenPomEditor.readMavenProject(MavenPomEditor.java:709)
	at org.eclipse.m2e.editor.pom.MavenPomEditor$4.run(MavenPomEditor.java:1029)
	at org.eclipse.core.internal.jobs.Worker.run(Worker.java:63)
2024-12-22 09:28:59,476 [Worker-34: reload maven project] ERROR o.e.m.c.i.p.r.ProjectRegistryManager - Failed to read Maven project: Some problems were encountered while processing the POMs:
[FATAL] Non-resolvable parent POM for com:Project:0.0.1-SNAPSHOT: The following artifacts could not be resolved: com:labexam:pom:0.0.1-SNAPSHOT (absent): Could not find artifact com:labexam:pom:0.0.1-SNAPSHOT and 'parent.relativePath' points at wrong local POM @ line 3, column 11

org.apache.maven.project.ProjectBuildingException: Some problems were encountered while processing the POMs:
[FATAL] Non-resolvable parent POM for com:Project:0.0.1-SNAPSHOT: The following artifacts could not be resolved: com:labexam:pom:0.0.1-SNAPSHOT (absent): Could not find artifact com:labexam:pom:0.0.1-SNAPSHOT and 'parent.relativePath' points at wrong local POM @ line 3, column 11

	at org.eclipse.m2e.core.internal.IMavenToolbox.readMavenProjects(IMavenToolbox.java:140)
	at org.eclipse.m2e.core.internal.project.registry.ProjectRegistryManager.lambda$22(ProjectRegistryManager.java:943)
	at org.eclipse.m2e.core.internal.embedder.MavenExecutionContext.executeBare(MavenExecutionContext.java:458)
	at org.eclipse.m2e.core.internal.embedder.MavenExecutionContext.execute(MavenExecutionContext.java:339)
	at org.eclipse.m2e.core.internal.embedder.MavenExecutionContext.execute(MavenExecutionContext.java:278)
	at org.eclipse.m2e.core.internal.project.registry.ProjectRegistryManager.readProjectsWithDependencies(ProjectRegistryManager.java:939)
	at org.eclipse.m2e.core.internal.project.registry.ProjectRegistryManager.create(ProjectRegistryManager.java:219)
	at org.eclipse.m2e.core.internal.project.registry.MavenProjectManager.create(MavenProjectManager.java:105)
	at org.eclipse.m2e.core.ui.internal.actions.SelectionUtil.getMavenProject(SelectionUtil.java:239)
	at org.eclipse.m2e.editor.pom.MavenPomEditor.readMavenProject(MavenPomEditor.java:709)
	at org.eclipse.m2e.editor.pom.MavenPomEditor$4.run(MavenPomEditor.java:1029)
	at org.eclipse.core.internal.jobs.Worker.run(Worker.java:63)
2024-12-22 09:29:54,598 [Worker-15: Launching mavenrun-f91bb253-2489-4c4f-9a6d-e70e2cb236a0] INFO  o.eclipse.m2e.core.internal.Bundles - getClasspathEntries(Bundle=org.eclipse.m2e.maven.runtime_3.9.900.20240824-1409 [641])
2024-12-22 09:29:54,599 [Worker-15: Launching mavenrun-f91bb253-2489-4c4f-9a6d-e70e2cb236a0] INFO  o.eclipse.m2e.core.internal.Bundles - 	Entry: F:\Installation\eclipse-jee\eclipse\plugins\org.eclipse.m2e.maven.runtime_3.9.900.20240824-1409
2024-12-22 09:29:54,599 [Worker-15: Launching mavenrun-f91bb253-2489-4c4f-9a6d-e70e2cb236a0] INFO  o.eclipse.m2e.core.internal.Bundles - 	Entry: F:\Installation\eclipse-jee\eclipse\plugins\org.eclipse.m2e.maven.runtime_3.9.900.20240824-1409\jars\aopalliance-1.0.jar
2024-12-22 09:29:54,599 [Worker-15: Launching mavenrun-f91bb253-2489-4c4f-9a6d-e70e2cb236a0] INFO  o.eclipse.m2e.core.internal.Bundles - 	Entry: F:\Installation\eclipse-jee\eclipse\plugins\org.eclipse.m2e.maven.runtime_3.9.900.20240824-1409\jars\guice-5.1.0.jar
2024-12-22 09:29:54,599 [Worker-15: Launching mavenrun-f91bb253-2489-4c4f-9a6d-e70e2cb236a0] INFO  o.eclipse.m2e.core.internal.Bundles - 	Entry: F:\Installation\eclipse-jee\eclipse\plugins\org.eclipse.m2e.maven.runtime_3.9.900.20240824-1409\jars\httpclient-4.5.14.jar
2024-12-22 09:29:54,599 [Worker-15: Launching mavenrun-f91bb253-2489-4c4f-9a6d-e70e2cb236a0] INFO  o.eclipse.m2e.core.internal.Bundles - 	Entry: F:\Installation\eclipse-jee\eclipse\plugins\org.eclipse.m2e.maven.runtime_3.9.900.20240824-1409\jars\httpcore-4.4.16.jar
2024-12-22 09:29:54,599 [Worker-15: Launching mavenrun-f91bb253-2489-4c4f-9a6d-e70e2cb236a0] INFO  o.eclipse.m2e.core.internal.Bundles - 	Entry: F:\Installation\eclipse-jee\eclipse\plugins\org.eclipse.m2e.maven.runtime_3.9.900.20240824-1409\jars\jansi-2.4.1.jar
2024-12-22 09:29:54,599 [Worker-15: Launching mavenrun-f91bb253-2489-4c4f-9a6d-e70e2cb236a0] INFO  o.eclipse.m2e.core.internal.Bundles - 	Entry: F:\Installation\eclipse-jee\eclipse\plugins\org.eclipse.m2e.maven.runtime_3.9.900.20240824-1409\jars\jcl-over-slf4j-1.7.36.jar
2024-12-22 09:29:54,599 [Worker-15: Launching mavenrun-f91bb253-2489-4c4f-9a6d-e70e2cb236a0] INFO  o.eclipse.m2e.core.internal.Bundles - 	Entry: F:\Installation\eclipse-jee\eclipse\plugins\org.eclipse.m2e.maven.runtime_3.9.900.20240824-1409\jars\maven-artifact-3.9.9.jar
2024-12-22 09:29:54,599 [Worker-15: Launching mavenrun-f91bb253-2489-4c4f-9a6d-e70e2cb236a0] INFO  o.eclipse.m2e.core.internal.Bundles - 	Entry: F:\Installation\eclipse-jee\eclipse\plugins\org.eclipse.m2e.maven.runtime_3.9.900.20240824-1409\jars\maven-builder-support-3.9.9.jar
2024-12-22 09:29:54,599 [Worker-15: Launching mavenrun-f91bb253-2489-4c4f-9a6d-e70e2cb236a0] INFO  o.eclipse.m2e.core.internal.Bundles - 	Entry: F:\Installation\eclipse-jee\eclipse\plugins\org.eclipse.m2e.maven.runtime_3.9.900.20240824-1409\jars\maven-compat-3.9.9.jar
2024-12-22 09:29:54,600 [Worker-15: Launching mavenrun-f91bb253-2489-4c4f-9a6d-e70e2cb236a0] INFO  o.eclipse.m2e.core.internal.Bundles - 	Entry: F:\Installation\eclipse-jee\eclipse\plugins\org.eclipse.m2e.maven.runtime_3.9.900.20240824-1409\jars\maven-core-3.9.9.jar
2024-12-22 09:29:54,600 [Worker-15: Launching mavenrun-f91bb253-2489-4c4f-9a6d-e70e2cb236a0] INFO  o.eclipse.m2e.core.internal.Bundles - 	Entry: F:\Installation\eclipse-jee\eclipse\plugins\org.eclipse.m2e.maven.runtime_3.9.900.20240824-1409\jars\maven-embedder-3.9.9.jar
2024-12-22 09:29:54,600 [Worker-15: Launching mavenrun-f91bb253-2489-4c4f-9a6d-e70e2cb236a0] INFO  o.eclipse.m2e.core.internal.Bundles - 	Entry: F:\Installation\eclipse-jee\eclipse\plugins\org.eclipse.m2e.maven.runtime_3.9.900.20240824-1409\jars\maven-model-3.9.9.jar
2024-12-22 09:29:54,600 [Worker-15: Launching mavenrun-f91bb253-2489-4c4f-9a6d-e70e2cb236a0] INFO  o.eclipse.m2e.core.internal.Bundles - 	Entry: F:\Installation\eclipse-jee\eclipse\plugins\org.eclipse.m2e.maven.runtime_3.9.900.20240824-1409\jars\maven-model-builder-3.9.9.jar
2024-12-22 09:29:54,600 [Worker-15: Launching mavenrun-f91bb253-2489-4c4f-9a6d-e70e2cb236a0] INFO  o.eclipse.m2e.core.internal.Bundles - 	Entry: F:\Installation\eclipse-jee\eclipse\plugins\org.eclipse.m2e.maven.runtime_3.9.900.20240824-1409\jars\maven-plugin-api-3.9.9.jar
2024-12-22 09:29:54,600 [Worker-15: Launching mavenrun-f91bb253-2489-4c4f-9a6d-e70e2cb236a0] INFO  o.eclipse.m2e.core.internal.Bundles - 	Entry: F:\Installation\eclipse-jee\eclipse\plugins\org.eclipse.m2e.maven.runtime_3.9.900.20240824-1409\jars\maven-repository-metadata-3.9.9.jar
2024-12-22 09:29:54,600 [Worker-15: Launching mavenrun-f91bb253-2489-4c4f-9a6d-e70e2cb236a0] INFO  o.eclipse.m2e.core.internal.Bundles - 	Entry: F:\Installation\eclipse-jee\eclipse\plugins\org.eclipse.m2e.maven.runtime_3.9.900.20240824-1409\jars\maven-resolver-api-1.9.22.jar
2024-12-22 09:29:54,600 [Worker-15: Launching mavenrun-f91bb253-2489-4c4f-9a6d-e70e2cb236a0] INFO  o.eclipse.m2e.core.internal.Bundles - 	Entry: F:\Installation\eclipse-jee\eclipse\plugins\org.eclipse.m2e.maven.runtime_3.9.900.20240824-1409\jars\maven-resolver-connector-basic-1.9.22.jar
2024-12-22 09:29:54,600 [Worker-15: Launching mavenrun-f91bb253-2489-4c4f-9a6d-e70e2cb236a0] INFO  o.eclipse.m2e.core.internal.Bundles - 	Entry: F:\Installation\eclipse-jee\eclipse\plugins\org.eclipse.m2e.maven.runtime_3.9.900.20240824-1409\jars\maven-resolver-impl-1.9.22.jar
2024-12-22 09:29:54,600 [Worker-15: Launching mavenrun-f91bb253-2489-4c4f-9a6d-e70e2cb236a0] INFO  o.eclipse.m2e.core.internal.Bundles - 	Entry: F:\Installation\eclipse-jee\eclipse\plugins\org.eclipse.m2e.maven.runtime_3.9.900.20240824-1409\jars\maven-resolver-named-locks-1.9.22.jar
2024-12-22 09:29:54,600 [Worker-15: Launching mavenrun-f91bb253-2489-4c4f-9a6d-e70e2cb236a0] INFO  o.eclipse.m2e.core.internal.Bundles - 	Entry: F:\Installation\eclipse-jee\eclipse\plugins\org.eclipse.m2e.maven.runtime_3.9.900.20240824-1409\jars\maven-resolver-provider-3.9.9.jar
2024-12-22 09:29:54,600 [Worker-15: Launching mavenrun-f91bb253-2489-4c4f-9a6d-e70e2cb236a0] INFO  o.eclipse.m2e.core.internal.Bundles - 	Entry: F:\Installation\eclipse-jee\eclipse\plugins\org.eclipse.m2e.maven.runtime_3.9.900.20240824-1409\jars\maven-resolver-spi-1.9.22.jar
2024-12-22 09:29:54,600 [Worker-15: Launching mavenrun-f91bb253-2489-4c4f-9a6d-e70e2cb236a0] INFO  o.eclipse.m2e.core.internal.Bundles - 	Entry: F:\Installation\eclipse-jee\eclipse\plugins\org.eclipse.m2e.maven.runtime_3.9.900.20240824-1409\jars\maven-resolver-transport-file-1.9.22.jar
2024-12-22 09:29:54,600 [Worker-15: Launching mavenrun-f91bb253-2489-4c4f-9a6d-e70e2cb236a0] INFO  o.eclipse.m2e.core.internal.Bundles - 	Entry: F:\Installation\eclipse-jee\eclipse\plugins\org.eclipse.m2e.maven.runtime_3.9.900.20240824-1409\jars\maven-resolver-transport-http-1.9.22.jar
2024-12-22 09:29:54,600 [Worker-15: Launching mavenrun-f91bb253-2489-4c4f-9a6d-e70e2cb236a0] INFO  o.eclipse.m2e.core.internal.Bundles - 	Entry: F:\Installation\eclipse-jee\eclipse\plugins\org.eclipse.m2e.maven.runtime_3.9.900.20240824-1409\jars\maven-resolver-transport-wagon-1.9.22.jar
2024-12-22 09:29:54,600 [Worker-15: Launching mavenrun-f91bb253-2489-4c4f-9a6d-e70e2cb236a0] INFO  o.eclipse.m2e.core.internal.Bundles - 	Entry: F:\Installation\eclipse-jee\eclipse\plugins\org.eclipse.m2e.maven.runtime_3.9.900.20240824-1409\jars\maven-resolver-util-1.9.22.jar
2024-12-22 09:29:54,600 [Worker-15: Launching mavenrun-f91bb253-2489-4c4f-9a6d-e70e2cb236a0] INFO  o.eclipse.m2e.core.internal.Bundles - 	Entry: F:\Installation\eclipse-jee\eclipse\plugins\org.eclipse.m2e.maven.runtime_3.9.900.20240824-1409\jars\maven-settings-3.9.9.jar
2024-12-22 09:29:54,600 [Worker-15: Launching mavenrun-f91bb253-2489-4c4f-9a6d-e70e2cb236a0] INFO  o.eclipse.m2e.core.internal.Bundles - 	Entry: F:\Installation\eclipse-jee\eclipse\plugins\org.eclipse.m2e.maven.runtime_3.9.900.20240824-1409\jars\maven-settings-builder-3.9.9.jar
2024-12-22 09:29:54,600 [Worker-15: Launching mavenrun-f91bb253-2489-4c4f-9a6d-e70e2cb236a0] INFO  o.eclipse.m2e.core.internal.Bundles - 	Entry: F:\Installation\eclipse-jee\eclipse\plugins\org.eclipse.m2e.maven.runtime_3.9.900.20240824-1409\jars\maven-shared-utils-3.4.2.jar
2024-12-22 09:29:54,600 [Worker-15: Launching mavenrun-f91bb253-2489-4c4f-9a6d-e70e2cb236a0] INFO  o.eclipse.m2e.core.internal.Bundles - 	Entry: F:\Installation\eclipse-jee\eclipse\plugins\org.eclipse.m2e.maven.runtime_3.9.900.20240824-1409\jars\org.eclipse.sisu.inject-0.9.0.M3.jar
2024-12-22 09:29:54,601 [Worker-15: Launching mavenrun-f91bb253-2489-4c4f-9a6d-e70e2cb236a0] INFO  o.eclipse.m2e.core.internal.Bundles - 	Entry: F:\Installation\eclipse-jee\eclipse\plugins\org.eclipse.m2e.maven.runtime_3.9.900.20240824-1409\jars\org.eclipse.sisu.plexus-0.9.0.M3.jar
2024-12-22 09:29:54,601 [Worker-15: Launching mavenrun-f91bb253-2489-4c4f-9a6d-e70e2cb236a0] INFO  o.eclipse.m2e.core.internal.Bundles - 	Entry: F:\Installation\eclipse-jee\eclipse\plugins\org.eclipse.m2e.maven.runtime_3.9.900.20240824-1409\jars\plexus-build-api-0.0.7.jar
2024-12-22 09:29:54,601 [Worker-15: Launching mavenrun-f91bb253-2489-4c4f-9a6d-e70e2cb236a0] INFO  o.eclipse.m2e.core.internal.Bundles - 	Entry: F:\Installation\eclipse-jee\eclipse\plugins\org.eclipse.m2e.maven.runtime_3.9.900.20240824-1409\jars\plexus-build-api-1.2.0.jar
2024-12-22 09:29:54,601 [Worker-15: Launching mavenrun-f91bb253-2489-4c4f-9a6d-e70e2cb236a0] INFO  o.eclipse.m2e.core.internal.Bundles - 	Entry: F:\Installation\eclipse-jee\eclipse\plugins\org.eclipse.m2e.maven.runtime_3.9.900.20240824-1409\jars\plexus-cipher-2.0.jar
2024-12-22 09:29:54,601 [Worker-15: Launching mavenrun-f91bb253-2489-4c4f-9a6d-e70e2cb236a0] INFO  o.eclipse.m2e.core.internal.Bundles - 	Entry: F:\Installation\eclipse-jee\eclipse\plugins\org.eclipse.m2e.maven.runtime_3.9.900.20240824-1409\jars\plexus-classworlds-2.8.0.jar
2024-12-22 09:29:54,601 [Worker-15: Launching mavenrun-f91bb253-2489-4c4f-9a6d-e70e2cb236a0] INFO  o.eclipse.m2e.core.internal.Bundles - 	Entry: F:\Installation\eclipse-jee\eclipse\plugins\org.eclipse.m2e.maven.runtime_3.9.900.20240824-1409\jars\plexus-component-annotations-2.1.0.jar
2024-12-22 09:29:54,601 [Worker-15: Launching mavenrun-f91bb253-2489-4c4f-9a6d-e70e2cb236a0] INFO  o.eclipse.m2e.core.internal.Bundles - 	Entry: F:\Installation\eclipse-jee\eclipse\plugins\org.eclipse.m2e.maven.runtime_3.9.900.20240824-1409\jars\plexus-interpolation-1.27.jar
2024-12-22 09:29:54,601 [Worker-15: Launching mavenrun-f91bb253-2489-4c4f-9a6d-e70e2cb236a0] INFO  o.eclipse.m2e.core.internal.Bundles - 	Entry: F:\Installation\eclipse-jee\eclipse\plugins\org.eclipse.m2e.maven.runtime_3.9.900.20240824-1409\jars\plexus-sec-dispatcher-2.0.jar
2024-12-22 09:29:54,601 [Worker-15: Launching mavenrun-f91bb253-2489-4c4f-9a6d-e70e2cb236a0] INFO  o.eclipse.m2e.core.internal.Bundles - 	Entry: F:\Installation\eclipse-jee\eclipse\plugins\org.eclipse.m2e.maven.runtime_3.9.900.20240824-1409\jars\plexus-utils-3.5.1.jar
2024-12-22 09:29:54,601 [Worker-15: Launching mavenrun-f91bb253-2489-4c4f-9a6d-e70e2cb236a0] INFO  o.eclipse.m2e.core.internal.Bundles - 	Entry: F:\Installation\eclipse-jee\eclipse\plugins\org.eclipse.m2e.maven.runtime_3.9.900.20240824-1409\jars\plexus-xml-3.0.1.jar
2024-12-22 09:29:54,601 [Worker-15: Launching mavenrun-f91bb253-2489-4c4f-9a6d-e70e2cb236a0] INFO  o.eclipse.m2e.core.internal.Bundles - 	Entry: F:\Installation\eclipse-jee\eclipse\plugins\org.eclipse.m2e.maven.runtime_3.9.900.20240824-1409\jars\wagon-file-3.5.3.jar
2024-12-22 09:29:54,601 [Worker-15: Launching mavenrun-f91bb253-2489-4c4f-9a6d-e70e2cb236a0] INFO  o.eclipse.m2e.core.internal.Bundles - 	Entry: F:\Installation\eclipse-jee\eclipse\plugins\org.eclipse.m2e.maven.runtime_3.9.900.20240824-1409\jars\wagon-http-3.5.3.jar
2024-12-22 09:29:54,601 [Worker-15: Launching mavenrun-f91bb253-2489-4c4f-9a6d-e70e2cb236a0] INFO  o.eclipse.m2e.core.internal.Bundles - 	Entry: F:\Installation\eclipse-jee\eclipse\plugins\org.eclipse.m2e.maven.runtime_3.9.900.20240824-1409\jars\wagon-http-shared-3.5.3.jar
2024-12-22 09:29:54,601 [Worker-15: Launching mavenrun-f91bb253-2489-4c4f-9a6d-e70e2cb236a0] INFO  o.eclipse.m2e.core.internal.Bundles - 	Entry: F:\Installation\eclipse-jee\eclipse\plugins\org.eclipse.m2e.maven.runtime_3.9.900.20240824-1409\jars\wagon-provider-api-3.5.3.jar
2024-12-22 09:29:54,602 [Worker-15: Launching mavenrun-f91bb253-2489-4c4f-9a6d-e70e2cb236a0] INFO  o.eclipse.m2e.core.internal.Bundles - getClasspathEntries(Bundle=com.google.guava_33.3.1.jre [16])
2024-12-22 09:29:54,603 [Worker-15: Launching mavenrun-f91bb253-2489-4c4f-9a6d-e70e2cb236a0] INFO  o.eclipse.m2e.core.internal.Bundles - 	Entry: F:\Installation\eclipse-jee\eclipse\plugins\com.google.guava_33.3.1.jre.jar
2024-12-22 09:29:54,603 [Worker-15: Launching mavenrun-f91bb253-2489-4c4f-9a6d-e70e2cb236a0] INFO  o.eclipse.m2e.core.internal.Bundles - getClasspathEntries(Bundle=slf4j.api_2.0.16 [1008])
2024-12-22 09:29:54,603 [Worker-15: Launching mavenrun-f91bb253-2489-4c4f-9a6d-e70e2cb236a0] INFO  o.eclipse.m2e.core.internal.Bundles - 	Entry: F:\Installation\eclipse-jee\eclipse\plugins\slf4j.api_2.0.16.jar
2024-12-22 09:29:54,603 [Worker-15: Launching mavenrun-f91bb253-2489-4c4f-9a6d-e70e2cb236a0] INFO  o.eclipse.m2e.core.internal.Bundles - getClasspathEntries(Bundle=jakarta.inject.jakarta.inject-api_1.0.5 [34])
2024-12-22 09:29:54,603 [Worker-15: Launching mavenrun-f91bb253-2489-4c4f-9a6d-e70e2cb236a0] INFO  o.eclipse.m2e.core.internal.Bundles - 	Entry: F:\Installation\eclipse-jee\eclipse\plugins\jakarta.inject.jakarta.inject-api_1.0.5.jar
2024-12-22 09:29:54,603 [Worker-15: Launching mavenrun-f91bb253-2489-4c4f-9a6d-e70e2cb236a0] INFO  o.eclipse.m2e.core.internal.Bundles - getClasspathEntries(Bundle=jakarta.annotation-api_1.3.5 [29])
2024-12-22 09:29:54,603 [Worker-15: Launching mavenrun-f91bb253-2489-4c4f-9a6d-e70e2cb236a0] INFO  o.eclipse.m2e.core.internal.Bundles - 	Entry: F:\Installation\eclipse-jee\eclipse\plugins\jakarta.annotation-api_1.3.5.jar
2024-12-22 09:29:54,603 [Worker-15: Launching mavenrun-f91bb253-2489-4c4f-9a6d-e70e2cb236a0] INFO  o.eclipse.m2e.core.internal.Bundles - getClasspathEntries(Bundle=org.apache.commons.cli_1.9.0 [75])
2024-12-22 09:29:54,603 [Worker-15: Launching mavenrun-f91bb253-2489-4c4f-9a6d-e70e2cb236a0] INFO  o.eclipse.m2e.core.internal.Bundles - 	Entry: F:\Installation\eclipse-jee\eclipse\plugins\org.apache.commons.cli_1.9.0.jar
2024-12-22 09:29:54,603 [Worker-15: Launching mavenrun-f91bb253-2489-4c4f-9a6d-e70e2cb236a0] INFO  o.eclipse.m2e.core.internal.Bundles - getClasspathEntries(Bundle=org.apache.commons.commons-codec_1.16.0 [78])
2024-12-22 09:29:54,604 [Worker-15: Launching mavenrun-f91bb253-2489-4c4f-9a6d-e70e2cb236a0] INFO  o.eclipse.m2e.core.internal.Bundles - 	Entry: F:\Installation\eclipse-jee\eclipse\plugins\org.apache.commons.commons-codec_1.16.0.jar
2024-12-22 09:29:54,604 [Worker-15: Launching mavenrun-f91bb253-2489-4c4f-9a6d-e70e2cb236a0] INFO  o.eclipse.m2e.core.internal.Bundles - getClasspathEntries(Bundle=com.google.guava.failureaccess_1.0.2 [17])
2024-12-22 09:29:54,604 [Worker-15: Launching mavenrun-f91bb253-2489-4c4f-9a6d-e70e2cb236a0] INFO  o.eclipse.m2e.core.internal.Bundles - 	Entry: F:\Installation\eclipse-jee\eclipse\plugins\com.google.guava.failureaccess_1.0.2.jar
2024-12-22 09:29:54,608 [Worker-15: Launching mavenrun-f91bb253-2489-4c4f-9a6d-e70e2cb236a0] INFO  o.e.m.i.launch.MavenLaunchDelegate - Run build in "C:\Users\DAC~1.STU\AppData\Local\Temp\m2e-archetypeGenerator1356138649524149950":
2024-12-22 09:29:54,610 [Worker-15: Launching mavenrun-f91bb253-2489-4c4f-9a6d-e70e2cb236a0] INFO  o.e.m.i.launch.MavenLaunchDelegate -  mvn  -DarchetypeGroupId=org.apache.maven.archetypes -DarchetypeArtifactId=maven-archetype-quickstart -DarchetypeVersion=1.1 -DgroupId=com -DartifactId=project -Dversion=0.0.1-SNAPSHOT -Dpackage=com.project -DoutputDirectory=C:\Users\dac.STUDENTSDC\Desktop\240840120185\4dir -B -Dstyle.color=always -U archetype:generate
2024-12-22 09:30:03,495 [Worker-31: Creating maven-archetype-quickstart] INFO  o.e.m.c.i.p.ProjectConfigurationManager - Collecting project info '/pom.xml' C:\Users\dac.STUDENTSDC\Desktop\240840120185\4dir\project\pom.xml
2024-12-22 09:30:03,956 [Worker-31: Creating maven-archetype-quickstart] INFO  o.e.m.c.i.l.LifecycleMappingFactory - Using org.eclipse.m2e.jdt.JarLifecycleMapping lifecycle mapping for MavenProject: com:project:0.0.1-SNAPSHOT @ C:\Users\dac.STUDENTSDC\Desktop\240840120185\4dir\project\pom.xml.
2024-12-22 09:30:04,543 [Worker-31: Creating maven-archetype-quickstart] INFO  o.e.m.j.i.AbstractJavaProjectConfigurator - Adding source folder /project/src/main/java
2024-12-22 09:30:04,545 [Worker-31: Creating maven-archetype-quickstart] INFO  o.e.m.j.i.AbstractJavaProjectConfigurator - Adding resource folder /project/src/main/resources
2024-12-22 09:30:04,548 [Worker-31: Creating maven-archetype-quickstart] INFO  o.e.m.j.i.AbstractJavaProjectConfigurator - Adding source folder /project/src/test/java
2024-12-22 09:30:04,550 [Worker-31: Creating maven-archetype-quickstart] INFO  o.e.m.j.i.AbstractJavaProjectConfigurator - Adding resource folder /project/src/test/resources
2024-12-22 09:30:04,625 [Worker-31: Creating maven-archetype-quickstart] INFO  o.e.m.c.i.p.ProjectConfigurationManager - Imported and configured 1 project(s) in 1 sec
2024-12-22 09:30:05,469 [Worker-34: Building] INFO  o.a.m.s.f.DefaultMavenResourcesFiltering - skip non existing resourceDirectory C:\Users\dac.STUDENTSDC\Desktop\240840120185\4dir\project\src\main\resources
2024-12-22 09:30:05,472 [Worker-34: Building] INFO  o.a.m.s.f.DefaultMavenResourcesFiltering - skip non existing resourceDirectory C:\Users\dac.STUDENTSDC\Desktop\240840120185\4dir\project\src\test\resources
2024-12-22 09:30:13,874 [Worker-35: Building] INFO  o.e.m.c.i.l.LifecycleMappingFactory - Using org.eclipse.m2e.jdt.JarLifecycleMapping lifecycle mapping for MavenProject: com:project:0.0.1-SNAPSHOT @ C:\Users\dac.STUDENTSDC\Desktop\240840120185\4dir\project\pom.xml.
2024-12-22 09:30:14,288 [Worker-35: Building] INFO  o.a.m.s.f.DefaultMavenResourcesFiltering - skip non existing resourceDirectory C:\Users\dac.STUDENTSDC\Desktop\240840120185\4dir\project\src\main\resources
2024-12-22 09:30:14,291 [Worker-35: Building] INFO  o.a.m.s.f.DefaultMavenResourcesFiltering - skip non existing resourceDirectory C:\Users\dac.STUDENTSDC\Desktop\240840120185\4dir\project\src\test\resources
2024-12-22 09:30:15,762 [Worker-33: Building] INFO  o.a.m.s.f.DefaultMavenResourcesFiltering - skip non existing resourceDirectory C:\Users\dac.STUDENTSDC\Desktop\240840120185\4dir\project\src\main\resources
2024-12-22 09:30:15,766 [Worker-33: Building] INFO  o.a.m.s.f.DefaultMavenResourcesFiltering - skip non existing resourceDirectory C:\Users\dac.STUDENTSDC\Desktop\240840120185\4dir\project\src\test\resources
2024-12-22 09:30:57,663 [Worker-33: Building] INFO  o.a.m.s.f.DefaultMavenResourcesFiltering - skip non existing resourceDirectory C:\Users\dac.STUDENTSDC\Desktop\240840120185\4dir\project\src\main\resources
2024-12-22 09:30:57,665 [Worker-33: Building] INFO  o.a.m.s.f.DefaultMavenResourcesFiltering - skip non existing resourceDirectory C:\Users\dac.STUDENTSDC\Desktop\240840120185\4dir\project\src\test\resources
2024-12-22 09:31:12,551 [Worker-15: Building] INFO  o.a.m.s.f.DefaultMavenResourcesFiltering - skip non existing resourceDirectory C:\Users\dac.STUDENTSDC\Desktop\240840120185\4dir\project\src\main\resources
2024-12-22 09:31:12,553 [Worker-15: Building] INFO  o.a.m.s.f.DefaultMavenResourcesFiltering - skip non existing resourceDirectory C:\Users\dac.STUDENTSDC\Desktop\240840120185\4dir\project\src\test\resources
2024-12-22 09:32:31,489 [Worker-35: Building] INFO  o.a.m.s.f.DefaultMavenResourcesFiltering - skip non existing resourceDirectory C:\Users\dac.STUDENTSDC\Desktop\240840120185\4dir\project\src\main\resources
2024-12-22 09:32:31,490 [Worker-35: Building] INFO  o.a.m.s.f.DefaultMavenResourcesFiltering - skip non existing resourceDirectory C:\Users\dac.STUDENTSDC\Desktop\240840120185\4dir\project\src\test\resources
2024-12-22 09:33:16,746 [Start Help Server] INFO  org.eclipse.jetty.server.Server - jetty-12.0.15; built: 2024-11-05T19:44:57.623Z; git: 8281ae9740d4b4225e8166cc476bad237c70213a; jvm 21.0.5+11-LTS
2024-12-22 09:33:16,805 [Start Help Server] INFO  o.e.j.server.handler.ContextHandler - Started oeje8n.ContextHandler$CoreContextHandler@3bc2a5da{/help,/help,b=null,a=AVAILABLE,h=oeje8n.ContextHandler$CoreContextHandler$CoreToNestedHandler@41aabf40{STARTED}}
2024-12-22 09:33:16,806 [Start Help Server] INFO  o.e.j.s.DefaultSessionIdManager - Session workerName=node0
2024-12-22 09:33:16,826 [Start Help Server] INFO  o.e.jetty.server.AbstractConnector - Started ServerConnector@15819266{HTTP/1.1, (http/1.1)}{127.0.0.1:55182}
2024-12-22 09:33:16,832 [Start Help Server] INFO  org.eclipse.jetty.server.Server - Started oejs.Server@4c64db30{STARTING}[12.0.15,sto=0] @906660ms
2024-12-22 09:33:24,700 [Worker-19: Building] INFO  o.a.m.s.f.DefaultMavenResourcesFiltering - skip non existing resourceDirectory C:\Users\dac.STUDENTSDC\Desktop\240840120185\4dir\project\src\main\resources
2024-12-22 09:33:24,702 [Worker-19: Building] INFO  o.a.m.s.f.DefaultMavenResourcesFiltering - skip non existing resourceDirectory C:\Users\dac.STUDENTSDC\Desktop\240840120185\4dir\project\src\test\resources
2024-12-22 09:33:45,279 [Worker-33: Building] INFO  o.a.m.s.f.DefaultMavenResourcesFiltering - skip non existing resourceDirectory C:\Users\dac.STUDENTSDC\Desktop\240840120185\4dir\project\src\main\resources
2024-12-22 09:33:45,280 [Worker-33: Building] INFO  o.a.m.s.f.DefaultMavenResourcesFiltering - skip non existing resourceDirectory C:\Users\dac.STUDENTSDC\Desktop\240840120185\4dir\project\src\test\resources
2024-12-22 09:34:23,400 [Worker-15: Building] INFO  o.a.m.s.f.DefaultMavenResourcesFiltering - skip non existing resourceDirectory C:\Users\dac.STUDENTSDC\Desktop\240840120185\4dir\project\src\main\resources
2024-12-22 09:34:23,402 [Worker-15: Building] INFO  o.a.m.s.f.DefaultMavenResourcesFiltering - skip non existing resourceDirectory C:\Users\dac.STUDENTSDC\Desktop\240840120185\4dir\project\src\test\resources
2024-12-22 09:34:24,562 [Worker-31: Building] INFO  o.a.m.s.f.DefaultMavenResourcesFiltering - skip non existing resourceDirectory C:\Users\dac.STUDENTSDC\Desktop\240840120185\4dir\project\src\main\resources
2024-12-22 09:34:24,563 [Worker-31: Building] INFO  o.a.m.s.f.DefaultMavenResourcesFiltering - skip non existing resourceDirectory C:\Users\dac.STUDENTSDC\Desktop\240840120185\4dir\project\src\test\resources
2024-12-22 09:35:01,212 [Worker-35: Building] INFO  o.a.m.s.f.DefaultMavenResourcesFiltering - skip non existing resourceDirectory C:\Users\dac.STUDENTSDC\Desktop\240840120185\4dir\project\src\main\resources
2024-12-22 09:35:01,215 [Worker-35: Building] INFO  o.a.m.s.f.DefaultMavenResourcesFiltering - skip non existing resourceDirectory C:\Users\dac.STUDENTSDC\Desktop\240840120185\4dir\project\src\test\resources
2024-12-22 09:35:30,339 [Worker-19: Building] INFO  o.a.m.s.f.DefaultMavenResourcesFiltering - skip non existing resourceDirectory C:\Users\dac.STUDENTSDC\Desktop\240840120185\4dir\project\src\main\resources
2024-12-22 09:35:30,342 [Worker-19: Building] INFO  o.a.m.s.f.DefaultMavenResourcesFiltering - skip non existing resourceDirectory C:\Users\dac.STUDENTSDC\Desktop\240840120185\4dir\project\src\test\resources
2024-12-22 09:36:44,784 [Worker-15: Building] INFO  o.a.m.s.f.DefaultMavenResourcesFiltering - skip non existing resourceDirectory C:\Users\dac.STUDENTSDC\Desktop\240840120185\4dir\project\src\main\resources
2024-12-22 09:36:44,785 [Worker-15: Building] INFO  o.a.m.s.f.DefaultMavenResourcesFiltering - skip non existing resourceDirectory C:\Users\dac.STUDENTSDC\Desktop\240840120185\4dir\project\src\test\resources
2024-12-22 09:36:50,512 [Worker-15: Building] INFO  o.a.m.s.f.DefaultMavenResourcesFiltering - skip non existing resourceDirectory C:\Users\dac.STUDENTSDC\Desktop\240840120185\4dir\project\src\main\resources
2024-12-22 09:36:50,513 [Worker-15: Building] INFO  o.a.m.s.f.DefaultMavenResourcesFiltering - skip non existing resourceDirectory C:\Users\dac.STUDENTSDC\Desktop\240840120185\4dir\project\src\test\resources
2024-12-22 09:37:01,613 [Worker-15: Building] INFO  o.a.m.s.f.DefaultMavenResourcesFiltering - skip non existing resourceDirectory C:\Users\dac.STUDENTSDC\Desktop\240840120185\4dir\project\src\main\resources
2024-12-22 09:37:01,615 [Worker-15: Building] INFO  o.a.m.s.f.DefaultMavenResourcesFiltering - skip non existing resourceDirectory C:\Users\dac.STUDENTSDC\Desktop\240840120185\4dir\project\src\test\resources
2024-12-22 09:37:49,221 [Worker-33: Building] INFO  o.a.m.s.f.DefaultMavenResourcesFiltering - skip non existing resourceDirectory C:\Users\dac.STUDENTSDC\Desktop\240840120185\4dir\project\src\main\resources
2024-12-22 09:37:49,223 [Worker-33: Building] INFO  o.a.m.s.f.DefaultMavenResourcesFiltering - skip non existing resourceDirectory C:\Users\dac.STUDENTSDC\Desktop\240840120185\4dir\project\src\test\resources
2024-12-22 09:39:06,956 [Worker-36: Building] INFO  o.a.m.s.f.DefaultMavenResourcesFiltering - skip non existing resourceDirectory C:\Users\dac.STUDENTSDC\Desktop\240840120185\4dir\project\src\main\resources
2024-12-22 09:39:06,957 [Worker-36: Building] INFO  o.a.m.s.f.DefaultMavenResourcesFiltering - skip non existing resourceDirectory C:\Users\dac.STUDENTSDC\Desktop\240840120185\4dir\project\src\test\resources
2024-12-22 09:39:47,727 [Worker-36: Building] INFO  o.a.m.s.f.DefaultMavenResourcesFiltering - skip non existing resourceDirectory C:\Users\dac.STUDENTSDC\Desktop\240840120185\4dir\project\src\main\resources
2024-12-22 09:39:47,729 [Worker-36: Building] INFO  o.a.m.s.f.DefaultMavenResourcesFiltering - skip non existing resourceDirectory C:\Users\dac.STUDENTSDC\Desktop\240840120185\4dir\project\src\test\resources
2024-12-22 09:40:06,588 [Worker-33: Building] INFO  o.a.m.s.f.DefaultMavenResourcesFiltering - skip non existing resourceDirectory C:\Users\dac.STUDENTSDC\Desktop\240840120185\4dir\project\src\main\resources
2024-12-22 09:40:06,590 [Worker-33: Building] INFO  o.a.m.s.f.DefaultMavenResourcesFiltering - skip non existing resourceDirectory C:\Users\dac.STUDENTSDC\Desktop\240840120185\4dir\project\src\test\resources
2024-12-22 09:40:21,997 [Worker-31: Building] INFO  o.a.m.s.f.DefaultMavenResourcesFiltering - skip non existing resourceDirectory C:\Users\dac.STUDENTSDC\Desktop\240840120185\4dir\project\src\main\resources
2024-12-22 09:40:21,999 [Worker-31: Building] INFO  o.a.m.s.f.DefaultMavenResourcesFiltering - skip non existing resourceDirectory C:\Users\dac.STUDENTSDC\Desktop\240840120185\4dir\project\src\test\resources
2024-12-22 09:40:26,413 [Worker-36: Building] INFO  o.a.m.s.f.DefaultMavenResourcesFiltering - skip non existing resourceDirectory C:\Users\dac.STUDENTSDC\Desktop\240840120185\4dir\project\src\main\resources
2024-12-22 09:40:26,415 [Worker-36: Building] INFO  o.a.m.s.f.DefaultMavenResourcesFiltering - skip non existing resourceDirectory C:\Users\dac.STUDENTSDC\Desktop\240840120185\4dir\project\src\test\resources
2024-12-22 09:40:50,668 [Worker-15: Building] INFO  o.a.m.s.f.DefaultMavenResourcesFiltering - skip non existing resourceDirectory C:\Users\dac.STUDENTSDC\Desktop\240840120185\4dir\project\src\main\resources
2024-12-22 09:40:50,669 [Worker-15: Building] INFO  o.a.m.s.f.DefaultMavenResourcesFiltering - skip non existing resourceDirectory C:\Users\dac.STUDENTSDC\Desktop\240840120185\4dir\project\src\test\resources
2024-12-22 09:41:15,803 [Worker-31: Building] INFO  o.a.m.s.f.DefaultMavenResourcesFiltering - skip non existing resourceDirectory C:\Users\dac.STUDENTSDC\Desktop\240840120185\4dir\project\src\main\resources
2024-12-22 09:41:15,806 [Worker-31: Building] INFO  o.a.m.s.f.DefaultMavenResourcesFiltering - skip non existing resourceDirectory C:\Users\dac.STUDENTSDC\Desktop\240840120185\4dir\project\src\test\resources
2024-12-22 09:41:27,048 [Worker-33: Building] INFO  o.a.m.s.f.DefaultMavenResourcesFiltering - skip non existing resourceDirectory C:\Users\dac.STUDENTSDC\Desktop\240840120185\4dir\project\src\main\resources
2024-12-22 09:41:27,050 [Worker-33: Building] INFO  o.a.m.s.f.DefaultMavenResourcesFiltering - skip non existing resourceDirectory C:\Users\dac.STUDENTSDC\Desktop\240840120185\4dir\project\src\test\resources
2024-12-22 09:41:33,491 [Worker-33: Building] INFO  o.a.m.s.f.DefaultMavenResourcesFiltering - skip non existing resourceDirectory C:\Users\dac.STUDENTSDC\Desktop\240840120185\4dir\project\src\main\resources
2024-12-22 09:41:33,492 [Worker-33: Building] INFO  o.a.m.s.f.DefaultMavenResourcesFiltering - skip non existing resourceDirectory C:\Users\dac.STUDENTSDC\Desktop\240840120185\4dir\project\src\test\resources
2024-12-22 09:41:39,287 [main] INFO  o.e.m.jdt.internal.UnitTestSupport - Updating SeleniumTest from maven configuration
2024-12-22 09:42:24,188 [Worker-15: Building] INFO  o.a.m.s.f.DefaultMavenResourcesFiltering - skip non existing resourceDirectory C:\Users\dac.STUDENTSDC\Desktop\240840120185\4dir\project\src\main\resources
2024-12-22 09:42:24,189 [Worker-15: Building] INFO  o.a.m.s.f.DefaultMavenResourcesFiltering - skip non existing resourceDirectory C:\Users\dac.STUDENTSDC\Desktop\240840120185\4dir\project\src\test\resources
